  AddPlaneForm.cpp
F:\OOPProjects\AviaSales\AviaSales\OtherFunc.h(9,29): warning C4267: 'argument': conversion from 'size_t' to 'int', possible loss of data
F:\OOPProjects\AviaSales\AviaSales\OtherFunc.h(9,28): warning C4244: 'argument': conversion from 'wchar_t' to '_Elem', possible loss of data
          with
          [
              _Elem=char
          ]
F:\OOPProjects\AviaSales\AviaSales\AddPlaneForm.h(28,15): warning C4677: 'AddPlaneForm': signature of non-private member contains assembly private type 'Administrator'
F:\OOPProjects\AviaSales\AviaSales\Administrator.h(9,11): message : see declaration of 'Administrator'
F:\OOPProjects\AviaSales\AviaSales\AddPlaneForm.h(325,30): warning C4677: 'admin': signature of non-private member contains assembly private type 'Administrator'
F:\OOPProjects\AviaSales\AviaSales\Administrator.h(9,11): message : see declaration of 'Administrator'
F:\OOPProjects\AviaSales\AviaSales\AddPlaneForm.h(326,32): warning C4677: 'sqlService': signature of non-private member contains assembly private type 'SqlService'
F:\OOPProjects\AviaSales\AviaSales\SqlService.h(21,11): message : see declaration of 'SqlService'
F:\OOPProjects\AviaSales\AviaSales\DeletePlaneForm.h(27,18): warning C4677: 'DeletePlaneForm': signature of non-private member contains assembly private type 'Administrator'
F:\OOPProjects\AviaSales\AviaSales\Administrator.h(9,11): message : see declaration of 'Administrator'
F:\OOPProjects\AviaSales\AviaSales\DeletePlaneForm.h(239,32): warning C4677: 'sqlService': signature of non-private member contains assembly private type 'SqlService'
F:\OOPProjects\AviaSales\AviaSales\SqlService.h(21,11): message : see declaration of 'SqlService'
F:\OOPProjects\AviaSales\AviaSales\DeletePlaneForm.h(240,30): warning C4677: 'planes': signature of non-private member contains assembly private type 'Plane'
F:\OOPProjects\AviaSales\AviaSales\Plane.h(6,11): message : see declaration of 'Plane'
F:\OOPProjects\AviaSales\AviaSales\DeletePlaneForm.h(241,30): warning C4677: 'admin': signature of non-private member contains assembly private type 'Administrator'
F:\OOPProjects\AviaSales\AviaSales\Administrator.h(9,11): message : see declaration of 'Administrator'
F:\OOPProjects\AviaSales\AviaSales\AdminForm.h(34,12): warning C4677: 'AdminForm': signature of non-private member contains assembly private type 'Administrator'
F:\OOPProjects\AviaSales\AviaSales\Administrator.h(9,11): message : see declaration of 'Administrator'
F:\OOPProjects\AviaSales\AviaSales\AdminForm.h(823,32): warning C4677: 'sqlService': signature of non-private member contains assembly private type 'SqlService'
F:\OOPProjects\AviaSales\AviaSales\SqlService.h(21,11): message : see declaration of 'SqlService'
F:\OOPProjects\AviaSales\AviaSales\AdminForm.h(824,30): warning C4677: 'admin': signature of non-private member contains assembly private type 'Administrator'
F:\OOPProjects\AviaSales\AviaSales\Administrator.h(9,11): message : see declaration of 'Administrator'
F:\OOPProjects\AviaSales\AviaSales\AdminForm.h(825,30): warning C4677: 'planes': signature of non-private member contains assembly private type 'Plane'
F:\OOPProjects\AviaSales\AviaSales\Plane.h(6,11): message : see declaration of 'Plane'
F:\OOPProjects\AviaSales\AviaSales\AddPlaneForm.cpp(47,18): warning C4244: 'initializing': conversion from '__int64' to 'int', possible loss of data
F:\OOPProjects\AviaSales\AviaSales\AddPlaneForm.cpp(48,20): warning C4244: 'initializing': conversion from '__int64' to 'int', possible loss of data
F:\OOPProjects\AviaSales\AviaSales\AddPlaneForm.cpp(49,19): warning C4244: 'initializing': conversion from '__int64' to 'int', possible loss of data
  AdminForm.cpp
F:\OOPProjects\AviaSales\AviaSales\OtherFunc.h(9,29): warning C4267: 'argument': conversion from 'size_t' to 'int', possible loss of data
F:\OOPProjects\AviaSales\AviaSales\OtherFunc.h(9,28): warning C4244: 'argument': conversion from 'wchar_t' to '_Elem', possible loss of data
          with
          [
              _Elem=char
          ]
F:\OOPProjects\AviaSales\AviaSales\AddPlaneForm.h(28,15): warning C4677: 'AddPlaneForm': signature of non-private member contains assembly private type 'Administrator'
F:\OOPProjects\AviaSales\AviaSales\Administrator.h(9,11): message : see declaration of 'Administrator'
F:\OOPProjects\AviaSales\AviaSales\AddPlaneForm.h(325,30): warning C4677: 'admin': signature of non-private member contains assembly private type 'Administrator'
F:\OOPProjects\AviaSales\AviaSales\Administrator.h(9,11): message : see declaration of 'Administrator'
F:\OOPProjects\AviaSales\AviaSales\AddPlaneForm.h(326,32): warning C4677: 'sqlService': signature of non-private member contains assembly private type 'SqlService'
F:\OOPProjects\AviaSales\AviaSales\SqlService.h(21,11): message : see declaration of 'SqlService'
F:\OOPProjects\AviaSales\AviaSales\DeletePlaneForm.h(27,18): warning C4677: 'DeletePlaneForm': signature of non-private member contains assembly private type 'Administrator'
F:\OOPProjects\AviaSales\AviaSales\Administrator.h(9,11): message : see declaration of 'Administrator'
F:\OOPProjects\AviaSales\AviaSales\DeletePlaneForm.h(239,32): warning C4677: 'sqlService': signature of non-private member contains assembly private type 'SqlService'
F:\OOPProjects\AviaSales\AviaSales\SqlService.h(21,11): message : see declaration of 'SqlService'
F:\OOPProjects\AviaSales\AviaSales\DeletePlaneForm.h(240,30): warning C4677: 'planes': signature of non-private member contains assembly private type 'Plane'
F:\OOPProjects\AviaSales\AviaSales\Plane.h(6,11): message : see declaration of 'Plane'
F:\OOPProjects\AviaSales\AviaSales\DeletePlaneForm.h(241,30): warning C4677: 'admin': signature of non-private member contains assembly private type 'Administrator'
F:\OOPProjects\AviaSales\AviaSales\Administrator.h(9,11): message : see declaration of 'Administrator'
F:\OOPProjects\AviaSales\AviaSales\AdminForm.h(34,12): warning C4677: 'AdminForm': signature of non-private member contains assembly private type 'Administrator'
F:\OOPProjects\AviaSales\AviaSales\Administrator.h(9,11): message : see declaration of 'Administrator'
F:\OOPProjects\AviaSales\AviaSales\AdminForm.h(823,32): warning C4677: 'sqlService': signature of non-private member contains assembly private type 'SqlService'
F:\OOPProjects\AviaSales\AviaSales\SqlService.h(21,11): message : see declaration of 'SqlService'
F:\OOPProjects\AviaSales\AviaSales\AdminForm.h(824,30): warning C4677: 'admin': signature of non-private member contains assembly private type 'Administrator'
F:\OOPProjects\AviaSales\AviaSales\Administrator.h(9,11): message : see declaration of 'Administrator'
F:\OOPProjects\AviaSales\AviaSales\AdminForm.h(825,30): warning C4677: 'planes': signature of non-private member contains assembly private type 'Plane'
F:\OOPProjects\AviaSales\AviaSales\Plane.h(6,11): message : see declaration of 'Plane'
  DeletePlaneForm.cpp
F:\OOPProjects\AviaSales\AviaSales\OtherFunc.h(9,29): warning C4267: 'argument': conversion from 'size_t' to 'int', possible loss of data
F:\OOPProjects\AviaSales\AviaSales\OtherFunc.h(9,28): warning C4244: 'argument': conversion from 'wchar_t' to '_Elem', possible loss of data
          with
          [
              _Elem=char
          ]
F:\OOPProjects\AviaSales\AviaSales\DeletePlaneForm.h(27,18): warning C4677: 'DeletePlaneForm': signature of non-private member contains assembly private type 'Administrator'
F:\OOPProjects\AviaSales\AviaSales\Administrator.h(9,11): message : see declaration of 'Administrator'
F:\OOPProjects\AviaSales\AviaSales\DeletePlaneForm.h(239,32): warning C4677: 'sqlService': signature of non-private member contains assembly private type 'SqlService'
F:\OOPProjects\AviaSales\AviaSales\SqlService.h(21,11): message : see declaration of 'SqlService'
F:\OOPProjects\AviaSales\AviaSales\DeletePlaneForm.h(240,30): warning C4677: 'planes': signature of non-private member contains assembly private type 'Plane'
F:\OOPProjects\AviaSales\AviaSales\Plane.h(6,11): message : see declaration of 'Plane'
F:\OOPProjects\AviaSales\AviaSales\DeletePlaneForm.h(241,30): warning C4677: 'admin': signature of non-private member contains assembly private type 'Administrator'
F:\OOPProjects\AviaSales\AviaSales\Administrator.h(9,11): message : see declaration of 'Administrator'
F:\OOPProjects\AviaSales\AviaSales\AddPlaneForm.h(28,15): warning C4677: 'AddPlaneForm': signature of non-private member contains assembly private type 'Administrator'
F:\OOPProjects\AviaSales\AviaSales\Administrator.h(9,11): message : see declaration of 'Administrator'
F:\OOPProjects\AviaSales\AviaSales\AddPlaneForm.h(325,30): warning C4677: 'admin': signature of non-private member contains assembly private type 'Administrator'
F:\OOPProjects\AviaSales\AviaSales\Administrator.h(9,11): message : see declaration of 'Administrator'
F:\OOPProjects\AviaSales\AviaSales\AddPlaneForm.h(326,32): warning C4677: 'sqlService': signature of non-private member contains assembly private type 'SqlService'
F:\OOPProjects\AviaSales\AviaSales\SqlService.h(21,11): message : see declaration of 'SqlService'
F:\OOPProjects\AviaSales\AviaSales\AdminForm.h(34,12): warning C4677: 'AdminForm': signature of non-private member contains assembly private type 'Administrator'
F:\OOPProjects\AviaSales\AviaSales\Administrator.h(9,11): message : see declaration of 'Administrator'
F:\OOPProjects\AviaSales\AviaSales\AdminForm.h(823,32): warning C4677: 'sqlService': signature of non-private member contains assembly private type 'SqlService'
F:\OOPProjects\AviaSales\AviaSales\SqlService.h(21,11): message : see declaration of 'SqlService'
F:\OOPProjects\AviaSales\AviaSales\AdminForm.h(824,30): warning C4677: 'admin': signature of non-private member contains assembly private type 'Administrator'
F:\OOPProjects\AviaSales\AviaSales\Administrator.h(9,11): message : see declaration of 'Administrator'
F:\OOPProjects\AviaSales\AviaSales\AdminForm.h(825,30): warning C4677: 'planes': signature of non-private member contains assembly private type 'Plane'
F:\OOPProjects\AviaSales\AviaSales\Plane.h(6,11): message : see declaration of 'Plane'
F:\OOPProjects\AviaSales\AviaSales\DeletePlaneForm.cpp(12,27): warning C4267: 'argument': conversion from 'size_t' to 'int', possible loss of data
F:\OOPProjects\AviaSales\AviaSales\DeletePlaneForm.cpp(16,69): warning C4267: 'argument': conversion from 'size_t' to 'int', possible loss of data
F:\OOPProjects\AviaSales\AviaSales\DeletePlaneForm.cpp(42,54): warning C4244: 'argument': conversion from '__int64' to 'int', possible loss of data
  Main.cpp
F:\OOPProjects\AviaSales\AviaSales\OtherFunc.h(9,29): warning C4267: 'argument': conversion from 'size_t' to 'int', possible loss of data
F:\OOPProjects\AviaSales\AviaSales\OtherFunc.h(9,28): warning C4244: 'argument': conversion from 'wchar_t' to '_Elem', possible loss of data
          with
          [
              _Elem=char
          ]
F:\OOPProjects\AviaSales\AviaSales\VerifyForm.h(28,13): warning C4677: 'VerifyForm': signature of non-private member contains assembly private type 'Customer'
F:\OOPProjects\AviaSales\AviaSales\Customer.h(9,11): message : see declaration of 'Customer'
F:\OOPProjects\AviaSales\AviaSales\VerifyForm.h(147,28): warning C4677: 'customer': signature of non-private member contains assembly private type 'Customer'
F:\OOPProjects\AviaSales\AviaSales\Customer.h(9,11): message : see declaration of 'Customer'
F:\OOPProjects\AviaSales\AviaSales\MainForm.h(21,28): warning C4677: 'customer': signature of non-private member contains assembly private type 'Customer'
F:\OOPProjects\AviaSales\AviaSales\Customer.h(9,11): message : see declaration of 'Customer'
F:\OOPProjects\AviaSales\AviaSales\MainForm.h(32,11): warning C4677: 'MainForm': signature of non-private member contains assembly private type 'Customer'
F:\OOPProjects\AviaSales\AviaSales\Customer.h(9,11): message : see declaration of 'Customer'
F:\OOPProjects\AviaSales\AviaSales\MainForm.h(1228,32): warning C4677: 'mainCustomer': signature of non-private member contains assembly private type 'Customer'
F:\OOPProjects\AviaSales\AviaSales\Customer.h(9,11): message : see declaration of 'Customer'
F:\OOPProjects\AviaSales\AviaSales\MainForm.h(1229,32): warning C4677: 'sqlService': signature of non-private member contains assembly private type 'SqlService'
F:\OOPProjects\AviaSales\AviaSales\SqlService.h(21,11): message : see declaration of 'SqlService'
F:\OOPProjects\AviaSales\AviaSales\MainForm.h(1230,37): warning C4677: 'emailService': signature of non-private member contains assembly private type 'EmailService'
F:\OOPProjects\AviaSales\AviaSales\EmailService.h(15,11): message : see declaration of 'EmailService'
F:\OOPProjects\AviaSales\AviaSales\AddPlaneForm.h(28,15): warning C4677: 'AddPlaneForm': signature of non-private member contains assembly private type 'Administrator'
F:\OOPProjects\AviaSales\AviaSales\Administrator.h(9,11): message : see declaration of 'Administrator'
F:\OOPProjects\AviaSales\AviaSales\AddPlaneForm.h(325,30): warning C4677: 'admin': signature of non-private member contains assembly private type 'Administrator'
F:\OOPProjects\AviaSales\AviaSales\Administrator.h(9,11): message : see declaration of 'Administrator'
F:\OOPProjects\AviaSales\AviaSales\AddPlaneForm.h(326,32): warning C4677: 'sqlService': signature of non-private member contains assembly private type 'SqlService'
F:\OOPProjects\AviaSales\AviaSales\SqlService.h(21,11): message : see declaration of 'SqlService'
F:\OOPProjects\AviaSales\AviaSales\DeletePlaneForm.h(27,18): warning C4677: 'DeletePlaneForm': signature of non-private member contains assembly private type 'Administrator'
F:\OOPProjects\AviaSales\AviaSales\Administrator.h(9,11): message : see declaration of 'Administrator'
F:\OOPProjects\AviaSales\AviaSales\DeletePlaneForm.h(239,32): warning C4677: 'sqlService': signature of non-private member contains assembly private type 'SqlService'
F:\OOPProjects\AviaSales\AviaSales\SqlService.h(21,11): message : see declaration of 'SqlService'
F:\OOPProjects\AviaSales\AviaSales\DeletePlaneForm.h(240,30): warning C4677: 'planes': signature of non-private member contains assembly private type 'Plane'
F:\OOPProjects\AviaSales\AviaSales\Plane.h(6,11): message : see declaration of 'Plane'
F:\OOPProjects\AviaSales\AviaSales\DeletePlaneForm.h(241,30): warning C4677: 'admin': signature of non-private member contains assembly private type 'Administrator'
F:\OOPProjects\AviaSales\AviaSales\Administrator.h(9,11): message : see declaration of 'Administrator'
F:\OOPProjects\AviaSales\AviaSales\AdminForm.h(34,12): warning C4677: 'AdminForm': signature of non-private member contains assembly private type 'Administrator'
F:\OOPProjects\AviaSales\AviaSales\Administrator.h(9,11): message : see declaration of 'Administrator'
F:\OOPProjects\AviaSales\AviaSales\AdminForm.h(823,32): warning C4677: 'sqlService': signature of non-private member contains assembly private type 'SqlService'
F:\OOPProjects\AviaSales\AviaSales\SqlService.h(21,11): message : see declaration of 'SqlService'
F:\OOPProjects\AviaSales\AviaSales\AdminForm.h(824,30): warning C4677: 'admin': signature of non-private member contains assembly private type 'Administrator'
F:\OOPProjects\AviaSales\AviaSales\Administrator.h(9,11): message : see declaration of 'Administrator'
F:\OOPProjects\AviaSales\AviaSales\AdminForm.h(825,30): warning C4677: 'planes': signature of non-private member contains assembly private type 'Plane'
F:\OOPProjects\AviaSales\AviaSales\Plane.h(6,11): message : see declaration of 'Plane'
  MainForm.cpp
F:\OOPProjects\AviaSales\AviaSales\OtherFunc.h(9,29): warning C4267: 'argument': conversion from 'size_t' to 'int', possible loss of data
F:\OOPProjects\AviaSales\AviaSales\OtherFunc.h(9,28): warning C4244: 'argument': conversion from 'wchar_t' to '_Elem', possible loss of data
          with
          [
              _Elem=char
          ]
F:\OOPProjects\AviaSales\AviaSales\VerifyForm.h(28,13): warning C4677: 'VerifyForm': signature of non-private member contains assembly private type 'Customer'
F:\OOPProjects\AviaSales\AviaSales\Customer.h(9,11): message : see declaration of 'Customer'
F:\OOPProjects\AviaSales\AviaSales\VerifyForm.h(147,28): warning C4677: 'customer': signature of non-private member contains assembly private type 'Customer'
F:\OOPProjects\AviaSales\AviaSales\Customer.h(9,11): message : see declaration of 'Customer'
F:\OOPProjects\AviaSales\AviaSales\MainForm.h(21,28): warning C4677: 'customer': signature of non-private member contains assembly private type 'Customer'
F:\OOPProjects\AviaSales\AviaSales\Customer.h(9,11): message : see declaration of 'Customer'
F:\OOPProjects\AviaSales\AviaSales\MainForm.h(32,11): warning C4677: 'MainForm': signature of non-private member contains assembly private type 'Customer'
F:\OOPProjects\AviaSales\AviaSales\Customer.h(9,11): message : see declaration of 'Customer'
F:\OOPProjects\AviaSales\AviaSales\MainForm.h(1228,32): warning C4677: 'mainCustomer': signature of non-private member contains assembly private type 'Customer'
F:\OOPProjects\AviaSales\AviaSales\Customer.h(9,11): message : see declaration of 'Customer'
F:\OOPProjects\AviaSales\AviaSales\MainForm.h(1229,32): warning C4677: 'sqlService': signature of non-private member contains assembly private type 'SqlService'
F:\OOPProjects\AviaSales\AviaSales\SqlService.h(21,11): message : see declaration of 'SqlService'
F:\OOPProjects\AviaSales\AviaSales\MainForm.h(1230,37): warning C4677: 'emailService': signature of non-private member contains assembly private type 'EmailService'
F:\OOPProjects\AviaSales\AviaSales\EmailService.h(15,11): message : see declaration of 'EmailService'
  SignInForm.cpp
F:\OOPProjects\AviaSales\AviaSales\OtherFunc.h(9,29): warning C4267: 'argument': conversion from 'size_t' to 'int', possible loss of data
F:\OOPProjects\AviaSales\AviaSales\OtherFunc.h(9,28): warning C4244: 'argument': conversion from 'wchar_t' to '_Elem', possible loss of data
          with
          [
              _Elem=char
          ]
F:\OOPProjects\AviaSales\AviaSales\VerifyForm.h(28,13): warning C4677: 'VerifyForm': signature of non-private member contains assembly private type 'Customer'
F:\OOPProjects\AviaSales\AviaSales\Customer.h(9,11): message : see declaration of 'Customer'
F:\OOPProjects\AviaSales\AviaSales\VerifyForm.h(147,28): warning C4677: 'customer': signature of non-private member contains assembly private type 'Customer'
F:\OOPProjects\AviaSales\AviaSales\Customer.h(9,11): message : see declaration of 'Customer'
F:\OOPProjects\AviaSales\AviaSales\MainForm.h(21,28): warning C4677: 'customer': signature of non-private member contains assembly private type 'Customer'
F:\OOPProjects\AviaSales\AviaSales\Customer.h(9,11): message : see declaration of 'Customer'
F:\OOPProjects\AviaSales\AviaSales\MainForm.h(32,11): warning C4677: 'MainForm': signature of non-private member contains assembly private type 'Customer'
F:\OOPProjects\AviaSales\AviaSales\Customer.h(9,11): message : see declaration of 'Customer'
F:\OOPProjects\AviaSales\AviaSales\MainForm.h(1228,32): warning C4677: 'mainCustomer': signature of non-private member contains assembly private type 'Customer'
F:\OOPProjects\AviaSales\AviaSales\Customer.h(9,11): message : see declaration of 'Customer'
F:\OOPProjects\AviaSales\AviaSales\MainForm.h(1229,32): warning C4677: 'sqlService': signature of non-private member contains assembly private type 'SqlService'
F:\OOPProjects\AviaSales\AviaSales\SqlService.h(21,11): message : see declaration of 'SqlService'
F:\OOPProjects\AviaSales\AviaSales\MainForm.h(1230,37): warning C4677: 'emailService': signature of non-private member contains assembly private type 'EmailService'
F:\OOPProjects\AviaSales\AviaSales\EmailService.h(15,11): message : see declaration of 'EmailService'
F:\OOPProjects\AviaSales\AviaSales\AddPlaneForm.h(28,15): warning C4677: 'AddPlaneForm': signature of non-private member contains assembly private type 'Administrator'
F:\OOPProjects\AviaSales\AviaSales\Administrator.h(9,11): message : see declaration of 'Administrator'
F:\OOPProjects\AviaSales\AviaSales\AddPlaneForm.h(325,30): warning C4677: 'admin': signature of non-private member contains assembly private type 'Administrator'
F:\OOPProjects\AviaSales\AviaSales\Administrator.h(9,11): message : see declaration of 'Administrator'
F:\OOPProjects\AviaSales\AviaSales\AddPlaneForm.h(326,32): warning C4677: 'sqlService': signature of non-private member contains assembly private type 'SqlService'
F:\OOPProjects\AviaSales\AviaSales\SqlService.h(21,11): message : see declaration of 'SqlService'
F:\OOPProjects\AviaSales\AviaSales\DeletePlaneForm.h(27,18): warning C4677: 'DeletePlaneForm': signature of non-private member contains assembly private type 'Administrator'
F:\OOPProjects\AviaSales\AviaSales\Administrator.h(9,11): message : see declaration of 'Administrator'
F:\OOPProjects\AviaSales\AviaSales\DeletePlaneForm.h(239,32): warning C4677: 'sqlService': signature of non-private member contains assembly private type 'SqlService'
F:\OOPProjects\AviaSales\AviaSales\SqlService.h(21,11): message : see declaration of 'SqlService'
F:\OOPProjects\AviaSales\AviaSales\DeletePlaneForm.h(240,30): warning C4677: 'planes': signature of non-private member contains assembly private type 'Plane'
F:\OOPProjects\AviaSales\AviaSales\Plane.h(6,11): message : see declaration of 'Plane'
F:\OOPProjects\AviaSales\AviaSales\DeletePlaneForm.h(241,30): warning C4677: 'admin': signature of non-private member contains assembly private type 'Administrator'
F:\OOPProjects\AviaSales\AviaSales\Administrator.h(9,11): message : see declaration of 'Administrator'
F:\OOPProjects\AviaSales\AviaSales\AdminForm.h(34,12): warning C4677: 'AdminForm': signature of non-private member contains assembly private type 'Administrator'
F:\OOPProjects\AviaSales\AviaSales\Administrator.h(9,11): message : see declaration of 'Administrator'
F:\OOPProjects\AviaSales\AviaSales\AdminForm.h(823,32): warning C4677: 'sqlService': signature of non-private member contains assembly private type 'SqlService'
F:\OOPProjects\AviaSales\AviaSales\SqlService.h(21,11): message : see declaration of 'SqlService'
F:\OOPProjects\AviaSales\AviaSales\AdminForm.h(824,30): warning C4677: 'admin': signature of non-private member contains assembly private type 'Administrator'
F:\OOPProjects\AviaSales\AviaSales\Administrator.h(9,11): message : see declaration of 'Administrator'
F:\OOPProjects\AviaSales\AviaSales\AdminForm.h(825,30): warning C4677: 'planes': signature of non-private member contains assembly private type 'Plane'
F:\OOPProjects\AviaSales\AviaSales\Plane.h(6,11): message : see declaration of 'Plane'
  SignUpForm.cpp
F:\OOPProjects\AviaSales\AviaSales\OtherFunc.h(9,29): warning C4267: 'argument': conversion from 'size_t' to 'int', possible loss of data
F:\OOPProjects\AviaSales\AviaSales\OtherFunc.h(9,28): warning C4244: 'argument': conversion from 'wchar_t' to '_Elem', possible loss of data
          with
          [
              _Elem=char
          ]
F:\OOPProjects\AviaSales\AviaSales\VerifyForm.h(28,13): warning C4677: 'VerifyForm': signature of non-private member contains assembly private type 'Customer'
F:\OOPProjects\AviaSales\AviaSales\Customer.h(9,11): message : see declaration of 'Customer'
F:\OOPProjects\AviaSales\AviaSales\VerifyForm.h(147,28): warning C4677: 'customer': signature of non-private member contains assembly private type 'Customer'
F:\OOPProjects\AviaSales\AviaSales\Customer.h(9,11): message : see declaration of 'Customer'
F:\OOPProjects\AviaSales\AviaSales\MainForm.h(21,28): warning C4677: 'customer': signature of non-private member contains assembly private type 'Customer'
F:\OOPProjects\AviaSales\AviaSales\Customer.h(9,11): message : see declaration of 'Customer'
F:\OOPProjects\AviaSales\AviaSales\MainForm.h(32,11): warning C4677: 'MainForm': signature of non-private member contains assembly private type 'Customer'
F:\OOPProjects\AviaSales\AviaSales\Customer.h(9,11): message : see declaration of 'Customer'
F:\OOPProjects\AviaSales\AviaSales\MainForm.h(1228,32): warning C4677: 'mainCustomer': signature of non-private member contains assembly private type 'Customer'
F:\OOPProjects\AviaSales\AviaSales\Customer.h(9,11): message : see declaration of 'Customer'
F:\OOPProjects\AviaSales\AviaSales\MainForm.h(1229,32): warning C4677: 'sqlService': signature of non-private member contains assembly private type 'SqlService'
F:\OOPProjects\AviaSales\AviaSales\SqlService.h(21,11): message : see declaration of 'SqlService'
F:\OOPProjects\AviaSales\AviaSales\MainForm.h(1230,37): warning C4677: 'emailService': signature of non-private member contains assembly private type 'EmailService'
F:\OOPProjects\AviaSales\AviaSales\EmailService.h(15,11): message : see declaration of 'EmailService'
  VerifyForm.cpp
F:\OOPProjects\AviaSales\AviaSales\OtherFunc.h(9,29): warning C4267: 'argument': conversion from 'size_t' to 'int', possible loss of data
F:\OOPProjects\AviaSales\AviaSales\OtherFunc.h(9,28): warning C4244: 'argument': conversion from 'wchar_t' to '_Elem', possible loss of data
          with
          [
              _Elem=char
          ]
F:\OOPProjects\AviaSales\AviaSales\VerifyForm.h(28,13): warning C4677: 'VerifyForm': signature of non-private member contains assembly private type 'Customer'
F:\OOPProjects\AviaSales\AviaSales\Customer.h(9,11): message : see declaration of 'Customer'
F:\OOPProjects\AviaSales\AviaSales\VerifyForm.h(147,28): warning C4677: 'customer': signature of non-private member contains assembly private type 'Customer'
F:\OOPProjects\AviaSales\AviaSales\Customer.h(9,11): message : see declaration of 'Customer'
F:\OOPProjects\AviaSales\AviaSales\MainForm.h(21,28): warning C4677: 'customer': signature of non-private member contains assembly private type 'Customer'
F:\OOPProjects\AviaSales\AviaSales\Customer.h(9,11): message : see declaration of 'Customer'
F:\OOPProjects\AviaSales\AviaSales\MainForm.h(32,11): warning C4677: 'MainForm': signature of non-private member contains assembly private type 'Customer'
F:\OOPProjects\AviaSales\AviaSales\Customer.h(9,11): message : see declaration of 'Customer'
F:\OOPProjects\AviaSales\AviaSales\MainForm.h(1228,32): warning C4677: 'mainCustomer': signature of non-private member contains assembly private type 'Customer'
F:\OOPProjects\AviaSales\AviaSales\Customer.h(9,11): message : see declaration of 'Customer'
F:\OOPProjects\AviaSales\AviaSales\MainForm.h(1229,32): warning C4677: 'sqlService': signature of non-private member contains assembly private type 'SqlService'
F:\OOPProjects\AviaSales\AviaSales\SqlService.h(21,11): message : see declaration of 'SqlService'
F:\OOPProjects\AviaSales\AviaSales\MainForm.h(1230,37): warning C4677: 'emailService': signature of non-private member contains assembly private type 'EmailService'
F:\OOPProjects\AviaSales\AviaSales\EmailService.h(15,11): message : see declaration of 'EmailService'
  Generating Code...
F:\OOPProjects\AviaSales\AviaSales\Plane.h(45): warning C4717: 'Plane::operator==': recursive on all control paths, function will cause runtime stack overflow
F:\OOPProjects\AviaSales\AviaSales\SqlService.h(79): warning C4715: 'SqlService::CheckIfCustomerExists': not all control paths return a value
F:\OOPProjects\AviaSales\AviaSales\SqlService.h(97): warning C4715: 'SqlService::CheckIfAdminExists': not all control paths return a value
F:\OOPProjects\AviaSales\AviaSales\SqlService.h(150): warning C4715: 'SqlService::GetCustomer': not all control paths return a value
F:\OOPProjects\AviaSales\AviaSales\SqlService.h(168): warning C4715: 'SqlService::GetAdmin': not all control paths return a value
F:\OOPProjects\AviaSales\AviaSales\Plane.h(45): warning C4717: 'Plane::operator==': recursive on all control paths, function will cause runtime stack overflow
F:\OOPProjects\AviaSales\AviaSales\SqlService.h(79): warning C4715: 'SqlService::CheckIfCustomerExists': not all control paths return a value
F:\OOPProjects\AviaSales\AviaSales\SqlService.h(97): warning C4715: 'SqlService::CheckIfAdminExists': not all control paths return a value
F:\OOPProjects\AviaSales\AviaSales\SqlService.h(150): warning C4715: 'SqlService::GetCustomer': not all control paths return a value
F:\OOPProjects\AviaSales\AviaSales\SqlService.h(168): warning C4715: 'SqlService::GetAdmin': not all control paths return a value
F:\OOPProjects\AviaSales\AviaSales\Plane.h(45): warning C4717: 'Plane::operator==': recursive on all control paths, function will cause runtime stack overflow
F:\OOPProjects\AviaSales\AviaSales\SqlService.h(79): warning C4715: 'SqlService::CheckIfCustomerExists': not all control paths return a value
F:\OOPProjects\AviaSales\AviaSales\SqlService.h(97): warning C4715: 'SqlService::CheckIfAdminExists': not all control paths return a value
F:\OOPProjects\AviaSales\AviaSales\SqlService.h(150): warning C4715: 'SqlService::GetCustomer': not all control paths return a value
F:\OOPProjects\AviaSales\AviaSales\SqlService.h(168): warning C4715: 'SqlService::GetAdmin': not all control paths return a value
F:\OOPProjects\AviaSales\AviaSales\Plane.h(45): warning C4717: 'Plane::operator==': recursive on all control paths, function will cause runtime stack overflow
F:\OOPProjects\AviaSales\AviaSales\SqlService.h(79): warning C4715: 'SqlService::CheckIfCustomerExists': not all control paths return a value
F:\OOPProjects\AviaSales\AviaSales\SqlService.h(97): warning C4715: 'SqlService::CheckIfAdminExists': not all control paths return a value
F:\OOPProjects\AviaSales\AviaSales\SqlService.h(150): warning C4715: 'SqlService::GetCustomer': not all control paths return a value
F:\OOPProjects\AviaSales\AviaSales\SqlService.h(168): warning C4715: 'SqlService::GetAdmin': not all control paths return a value
F:\OOPProjects\AviaSales\AviaSales\Plane.h(45): warning C4717: 'Plane::operator==': recursive on all control paths, function will cause runtime stack overflow
F:\OOPProjects\AviaSales\AviaSales\SqlService.h(79): warning C4715: 'SqlService::CheckIfCustomerExists': not all control paths return a value
F:\OOPProjects\AviaSales\AviaSales\SqlService.h(97): warning C4715: 'SqlService::CheckIfAdminExists': not all control paths return a value
F:\OOPProjects\AviaSales\AviaSales\SqlService.h(150): warning C4715: 'SqlService::GetCustomer': not all control paths return a value
F:\OOPProjects\AviaSales\AviaSales\SqlService.h(168): warning C4715: 'SqlService::GetAdmin': not all control paths return a value
F:\OOPProjects\AviaSales\AviaSales\Plane.h(45): warning C4717: 'Plane::operator==': recursive on all control paths, function will cause runtime stack overflow
F:\OOPProjects\AviaSales\AviaSales\SqlService.h(79): warning C4715: 'SqlService::CheckIfCustomerExists': not all control paths return a value
F:\OOPProjects\AviaSales\AviaSales\SqlService.h(97): warning C4715: 'SqlService::CheckIfAdminExists': not all control paths return a value
F:\OOPProjects\AviaSales\AviaSales\SqlService.h(150): warning C4715: 'SqlService::GetCustomer': not all control paths return a value
F:\OOPProjects\AviaSales\AviaSales\SqlService.h(168): warning C4715: 'SqlService::GetAdmin': not all control paths return a value
F:\OOPProjects\AviaSales\AviaSales\Plane.h(45): warning C4717: 'Plane::operator==': recursive on all control paths, function will cause runtime stack overflow
F:\OOPProjects\AviaSales\AviaSales\SqlService.h(79): warning C4715: 'SqlService::CheckIfCustomerExists': not all control paths return a value
F:\OOPProjects\AviaSales\AviaSales\SqlService.h(97): warning C4715: 'SqlService::CheckIfAdminExists': not all control paths return a value
F:\OOPProjects\AviaSales\AviaSales\SqlService.h(150): warning C4715: 'SqlService::GetCustomer': not all control paths return a value
F:\OOPProjects\AviaSales\AviaSales\SqlService.h(168): warning C4715: 'SqlService::GetAdmin': not all control paths return a value
F:\OOPProjects\AviaSales\AviaSales\Plane.h(45): warning C4717: 'Plane::operator==': recursive on all control paths, function will cause runtime stack overflow
F:\OOPProjects\AviaSales\AviaSales\SqlService.h(79): warning C4715: 'SqlService::CheckIfCustomerExists': not all control paths return a value
F:\OOPProjects\AviaSales\AviaSales\SqlService.h(97): warning C4715: 'SqlService::CheckIfAdminExists': not all control paths return a value
F:\OOPProjects\AviaSales\AviaSales\SqlService.h(150): warning C4715: 'SqlService::GetCustomer': not all control paths return a value
F:\OOPProjects\AviaSales\AviaSales\SqlService.h(168): warning C4715: 'SqlService::GetAdmin': not all control paths return a value
AdminForm.obj : warning LNK4006: "class System::String ^ __clrcall ConvertToSystemString(class sql::SQLString)" (?ConvertToSystemString@@$$FYMPE$AAVString@System@@VSQLString@sql@@@Z) already defined in AddPlaneForm.obj; second definition ignored
AdminForm.obj : warning LNK4006: "class System::String ^ __clrcall ConvertToSystemString(class sql::SQLString)" (?ConvertToSystemString@@YMPE$AAVString@System@@VSQLString@sql@@@Z) already defined in AddPlaneForm.obj; second definition ignored
AdminForm.obj : warning LNK4006: "class std::basic_string<char,struct std::char_traits<char>,class std::allocator<char> > __clrcall ConvertToString(class System::String ^)" (?ConvertToString@@$$FYM?AV?$basic_string@DU?$char_traits@D@std@@V?$allocator@D@2@@std@@PE$AAVString@System@@@Z) already defined in AddPlaneForm.obj; second definition ignored
AdminForm.obj : warning LNK4006: "class std::basic_string<char,struct std::char_traits<char>,class std::allocator<char> > __clrcall ConvertToString(class System::String ^)" (?ConvertToString@@YM?AV?$basic_string@DU?$char_traits@D@std@@V?$allocator@D@2@@std@@PE$AAVString@System@@@Z) already defined in AddPlaneForm.obj; second definition ignored
DeletePlaneForm.obj : warning LNK4006: "class System::String ^ __clrcall ConvertToSystemString(class sql::SQLString)" (?ConvertToSystemString@@$$FYMPE$AAVString@System@@VSQLString@sql@@@Z) already defined in AddPlaneForm.obj; second definition ignored
DeletePlaneForm.obj : warning LNK4006: "class System::String ^ __clrcall ConvertToSystemString(class sql::SQLString)" (?ConvertToSystemString@@YMPE$AAVString@System@@VSQLString@sql@@@Z) already defined in AddPlaneForm.obj; second definition ignored
DeletePlaneForm.obj : warning LNK4006: "class std::basic_string<char,struct std::char_traits<char>,class std::allocator<char> > __clrcall ConvertToString(class System::String ^)" (?ConvertToString@@$$FYM?AV?$basic_string@DU?$char_traits@D@std@@V?$allocator@D@2@@std@@PE$AAVString@System@@@Z) already defined in AddPlaneForm.obj; second definition ignored
DeletePlaneForm.obj : warning LNK4006: "class std::basic_string<char,struct std::char_traits<char>,class std::allocator<char> > __clrcall ConvertToString(class System::String ^)" (?ConvertToString@@YM?AV?$basic_string@DU?$char_traits@D@std@@V?$allocator@D@2@@std@@PE$AAVString@System@@@Z) already defined in AddPlaneForm.obj; second definition ignored
Main.obj : warning LNK4006: "class System::String ^ __clrcall ConvertToSystemString(class sql::SQLString)" (?ConvertToSystemString@@$$FYMPE$AAVString@System@@VSQLString@sql@@@Z) already defined in AddPlaneForm.obj; second definition ignored
Main.obj : warning LNK4006: "class System::String ^ __clrcall ConvertToSystemString(class sql::SQLString)" (?ConvertToSystemString@@YMPE$AAVString@System@@VSQLString@sql@@@Z) already defined in AddPlaneForm.obj; second definition ignored
Main.obj : warning LNK4006: "class std::basic_string<char,struct std::char_traits<char>,class std::allocator<char> > __clrcall ConvertToString(class System::String ^)" (?ConvertToString@@$$FYM?AV?$basic_string@DU?$char_traits@D@std@@V?$allocator@D@2@@std@@PE$AAVString@System@@@Z) already defined in AddPlaneForm.obj; second definition ignored
Main.obj : warning LNK4006: "class std::basic_string<char,struct std::char_traits<char>,class std::allocator<char> > __clrcall ConvertToString(class System::String ^)" (?ConvertToString@@YM?AV?$basic_string@DU?$char_traits@D@std@@V?$allocator@D@2@@std@@PE$AAVString@System@@@Z) already defined in AddPlaneForm.obj; second definition ignored
MainForm.obj : warning LNK4006: "class System::String ^ __clrcall ConvertToSystemString(class sql::SQLString)" (?ConvertToSystemString@@$$FYMPE$AAVString@System@@VSQLString@sql@@@Z) already defined in AddPlaneForm.obj; second definition ignored
MainForm.obj : warning LNK4006: "class System::String ^ __clrcall ConvertToSystemString(class sql::SQLString)" (?ConvertToSystemString@@YMPE$AAVString@System@@VSQLString@sql@@@Z) already defined in AddPlaneForm.obj; second definition ignored
MainForm.obj : warning LNK4006: "class std::basic_string<char,struct std::char_traits<char>,class std::allocator<char> > __clrcall ConvertToString(class System::String ^)" (?ConvertToString@@$$FYM?AV?$basic_string@DU?$char_traits@D@std@@V?$allocator@D@2@@std@@PE$AAVString@System@@@Z) already defined in AddPlaneForm.obj; second definition ignored
MainForm.obj : warning LNK4006: "class std::basic_string<char,struct std::char_traits<char>,class std::allocator<char> > __clrcall ConvertToString(class System::String ^)" (?ConvertToString@@YM?AV?$basic_string@DU?$char_traits@D@std@@V?$allocator@D@2@@std@@PE$AAVString@System@@@Z) already defined in AddPlaneForm.obj; second definition ignored
SignInForm.obj : warning LNK4006: "class System::String ^ __clrcall ConvertToSystemString(class sql::SQLString)" (?ConvertToSystemString@@$$FYMPE$AAVString@System@@VSQLString@sql@@@Z) already defined in AddPlaneForm.obj; second definition ignored
SignInForm.obj : warning LNK4006: "class System::String ^ __clrcall ConvertToSystemString(class sql::SQLString)" (?ConvertToSystemString@@YMPE$AAVString@System@@VSQLString@sql@@@Z) already defined in AddPlaneForm.obj; second definition ignored
SignInForm.obj : warning LNK4006: "class std::basic_string<char,struct std::char_traits<char>,class std::allocator<char> > __clrcall ConvertToString(class System::String ^)" (?ConvertToString@@$$FYM?AV?$basic_string@DU?$char_traits@D@std@@V?$allocator@D@2@@std@@PE$AAVString@System@@@Z) already defined in AddPlaneForm.obj; second definition ignored
SignInForm.obj : warning LNK4006: "class std::basic_string<char,struct std::char_traits<char>,class std::allocator<char> > __clrcall ConvertToString(class System::String ^)" (?ConvertToString@@YM?AV?$basic_string@DU?$char_traits@D@std@@V?$allocator@D@2@@std@@PE$AAVString@System@@@Z) already defined in AddPlaneForm.obj; second definition ignored
SignUpForm.obj : warning LNK4006: "class System::String ^ __clrcall ConvertToSystemString(class sql::SQLString)" (?ConvertToSystemString@@$$FYMPE$AAVString@System@@VSQLString@sql@@@Z) already defined in AddPlaneForm.obj; second definition ignored
SignUpForm.obj : warning LNK4006: "class System::String ^ __clrcall ConvertToSystemString(class sql::SQLString)" (?ConvertToSystemString@@YMPE$AAVString@System@@VSQLString@sql@@@Z) already defined in AddPlaneForm.obj; second definition ignored
SignUpForm.obj : warning LNK4006: "class std::basic_string<char,struct std::char_traits<char>,class std::allocator<char> > __clrcall ConvertToString(class System::String ^)" (?ConvertToString@@$$FYM?AV?$basic_string@DU?$char_traits@D@std@@V?$allocator@D@2@@std@@PE$AAVString@System@@@Z) already defined in AddPlaneForm.obj; second definition ignored
SignUpForm.obj : warning LNK4006: "class std::basic_string<char,struct std::char_traits<char>,class std::allocator<char> > __clrcall ConvertToString(class System::String ^)" (?ConvertToString@@YM?AV?$basic_string@DU?$char_traits@D@std@@V?$allocator@D@2@@std@@PE$AAVString@System@@@Z) already defined in AddPlaneForm.obj; second definition ignored
VerifyForm.obj : warning LNK4006: "class System::String ^ __clrcall ConvertToSystemString(class sql::SQLString)" (?ConvertToSystemString@@$$FYMPE$AAVString@System@@VSQLString@sql@@@Z) already defined in AddPlaneForm.obj; second definition ignored
VerifyForm.obj : warning LNK4006: "class System::String ^ __clrcall ConvertToSystemString(class sql::SQLString)" (?ConvertToSystemString@@YMPE$AAVString@System@@VSQLString@sql@@@Z) already defined in AddPlaneForm.obj; second definition ignored
VerifyForm.obj : warning LNK4006: "class std::basic_string<char,struct std::char_traits<char>,class std::allocator<char> > __clrcall ConvertToString(class System::String ^)" (?ConvertToString@@$$FYM?AV?$basic_string@DU?$char_traits@D@std@@V?$allocator@D@2@@std@@PE$AAVString@System@@@Z) already defined in AddPlaneForm.obj; second definition ignored
VerifyForm.obj : warning LNK4006: "class std::basic_string<char,struct std::char_traits<char>,class std::allocator<char> > __clrcall ConvertToString(class System::String ^)" (?ConvertToString@@YM?AV?$basic_string@DU?$char_traits@D@std@@V?$allocator@D@2@@std@@PE$AAVString@System@@@Z) already defined in AddPlaneForm.obj; second definition ignored
mysqlcppconn-static.lib(mysql_art_resultset.obj) : warning LNK4099: PDB '' was not found with 'mysqlcppconn-static.lib(mysql_art_resultset.obj)' or at ''; linking object as if no debug info
mysqlcppconn-static.lib(mysql_prepared_statement.obj) : warning LNK4099: PDB '' was not found with 'mysqlcppconn-static.lib(mysql_prepared_statement.obj)' or at ''; linking object as if no debug info
mysqlcppconn-static.lib(mysql_connection.obj) : warning LNK4099: PDB '' was not found with 'mysqlcppconn-static.lib(mysql_connection.obj)' or at ''; linking object as if no debug info
mysqlcppconn-static.lib(mysql_util.obj) : warning LNK4099: PDB '' was not found with 'mysqlcppconn-static.lib(mysql_util.obj)' or at ''; linking object as if no debug info
mysqlcppconn-static.lib(mysql_art_rset_metadata.obj) : warning LNK4099: PDB '' was not found with 'mysqlcppconn-static.lib(mysql_art_rset_metadata.obj)' or at ''; linking object as if no debug info
mysqlcppconn-static.lib(mysql_warning.obj) : warning LNK4099: PDB '' was not found with 'mysqlcppconn-static.lib(mysql_warning.obj)' or at ''; linking object as if no debug info
mysqlcppconn-static.lib(mysql_resultbind.obj) : warning LNK4099: PDB '' was not found with 'mysqlcppconn-static.lib(mysql_resultbind.obj)' or at ''; linking object as if no debug info
mysqlcppconn-static.lib(mysql_ps_resultset.obj) : warning LNK4099: PDB '' was not found with 'mysqlcppconn-static.lib(mysql_ps_resultset.obj)' or at ''; linking object as if no debug info
mysqlcppconn-static.lib(mysql_ps_resultset_metadata.obj) : warning LNK4099: PDB '' was not found with 'mysqlcppconn-static.lib(mysql_ps_resultset_metadata.obj)' or at ''; linking object as if no debug info
mysqlcppconn-static.lib(mysql_parameter_metadata.obj) : warning LNK4099: PDB '' was not found with 'mysqlcppconn-static.lib(mysql_parameter_metadata.obj)' or at ''; linking object as if no debug info
mysqlcppconn-static.lib(mysql_uri.obj) : warning LNK4099: PDB '' was not found with 'mysqlcppconn-static.lib(mysql_uri.obj)' or at ''; linking object as if no debug info
mysqlcppconn-static.lib(mysql_metadata.obj) : warning LNK4099: PDB '' was not found with 'mysqlcppconn-static.lib(mysql_metadata.obj)' or at ''; linking object as if no debug info
mysqlcppconn-static.lib(mysql_statement.obj) : warning LNK4099: PDB '' was not found with 'mysqlcppconn-static.lib(mysql_statement.obj)' or at ''; linking object as if no debug info
mysqlcppconn-static.lib(mysql_debug.obj) : warning LNK4099: PDB '' was not found with 'mysqlcppconn-static.lib(mysql_debug.obj)' or at ''; linking object as if no debug info
mysqlcppconn-static.lib(mysql_resultset.obj) : warning LNK4099: PDB '' was not found with 'mysqlcppconn-static.lib(mysql_resultset.obj)' or at ''; linking object as if no debug info
mysqlcppconn-static.lib(mysql_resultset_metadata.obj) : warning LNK4099: PDB '' was not found with 'mysqlcppconn-static.lib(mysql_resultset_metadata.obj)' or at ''; linking object as if no debug info
mysqlcppconn-static.lib(mysql_driver.obj) : warning LNK4099: PDB '' was not found with 'mysqlcppconn-static.lib(mysql_driver.obj)' or at ''; linking object as if no debug info
mysqlcppconn-static.lib(mysql_native_driver_wrapper.obj) : warning LNK4099: PDB '' was not found with 'mysqlcppconn-static.lib(mysql_native_driver_wrapper.obj)' or at ''; linking object as if no debug info
mysqlcppconn-static.lib(mysql_client_api.obj) : warning LNK4099: PDB '' was not found with 'mysqlcppconn-static.lib(mysql_client_api.obj)' or at ''; linking object as if no debug info
mysqlcppconn-static.lib(mysql_native_connection_wrapper.obj) : warning LNK4099: PDB '' was not found with 'mysqlcppconn-static.lib(mysql_native_connection_wrapper.obj)' or at ''; linking object as if no debug info
mysqlcppconn-static.lib(mysql_native_resultset_wrapper.obj) : warning LNK4099: PDB '' was not found with 'mysqlcppconn-static.lib(mysql_native_resultset_wrapper.obj)' or at ''; linking object as if no debug info
mysqlcppconn-static.lib(mysql_native_statement_wrapper.obj) : warning LNK4099: PDB '' was not found with 'mysqlcppconn-static.lib(mysql_native_statement_wrapper.obj)' or at ''; linking object as if no debug info
F:\OOPProjects\AviaSales\x64\Release\AviaSales.exe : warning LNK4088: image being generated due to /FORCE option; image may not run
  AviaSales.vcxproj -> F:\OOPProjects\AviaSales\x64\Release\AviaSales.exe
  'pwsh.exe' is not recognized as an internal or external command,
  operable program or batch file.
